<?xml version="1.0" encoding="utf-8"?><testsuites name="pytest tests"><testsuite name="pytest" errors="0" failures="0" skipped="0" tests="13" time="34.120" timestamp="2026-04-25T14:58:51.612954+00:00" hostname="agent-env-1f4a423e-497e-404e-ad74-2eba79826ff7"><testcase classname="backend.tests.backend_test" name="test_health" time="0.219" /><testcase classname="backend.tests.backend_test" name="test_models" time="0.112" /><testcase classname="backend.tests.backend_test" name="test_metrics" time="0.113" /><testcase classname="backend.tests.backend_test" name="test_services" time="0.174" /><testcase classname="backend.tests.backend_test" name="test_anomalies" time="0.115" /><testcase classname="backend.tests.backend_test" name="test_logs_default" time="0.181" /><testcase classname="backend.tests.backend_test" name="test_logs_filter_error" time="0.103" /><testcase classname="backend.tests.backend_test" name="test_sentinel_chat[gpt-5.2]" time="7.303" /><testcase classname="backend.tests.backend_test" name="test_sentinel_chat[claude-sonnet-4.5]" time="6.719" /><testcase classname="backend.tests.backend_test" name="test_rca_short_input_400" time="0.104" /><testcase classname="backend.tests.backend_test" name="test_rca_analyze[gpt-5.2]" time="10.709" /><testcase classname="backend.tests.backend_test" name="test_rca_analyze[claude-sonnet-4.5]" time="7.947" /><testcase classname="backend.tests.backend_test" name="test_rca_history" time="0.107" /></testsuite></testsuites>